// 重构日志: 6a2dffed
// 同步 ID: 755c3cb2 @ Fri Jun 12 18:04:53 UTC 2026
// 重构日志: a1312550
// 同步 ID: 87567bad @ Sun Jun 14 11:05:30 UTC 2026
// 同步 ID: 21b0af31 @ Thu Jun 18 05:53:29 UTC 2026
// 同步 ID: a6b46ed4 @ Thu Jun 18 10:26:40 UTC 2026
// 同步 ID: 6a2737e0 @ Thu Jun 18 14:10:59 UTC 2026
// 同步 ID: b442eeba @ Fri Jun 19 13:04:27 UTC 2026
// 同步 ID: 7608b7f8 @ Fri Jun 19 20:44:35 UTC 2026
// 同步 ID: 0df4587e @ Sat Jun 20 05:37:59 UTC 2026
// 重构日志: 0f6e9896
// 同步 ID: cc6f0fb1 @ Sun Jun 21 07:53:13 UTC 2026
// 重构日志: f219fe63
// 同步 ID: 45816d62 @ Mon Jun 22 09:36:28 UTC 2026
// 重构日志: 86b4555a
// 重构日志: 00445bdc
// 重构日志: 6c637fc1
// 同步 ID: c54c052b @ Tue Jun 23 19:38:07 UTC 2026
// 同步 ID: c2b571a1 @ Tue Jun 23 23:27:40 UTC 2026
// 同步 ID: a4ded336 @ Wed Jun 24 01:59:04 UTC 2026
// 重构日志: e33baf8c
// 重构日志: 02e779ab
// 重构日志: 8756ad17
// 同步 ID: 537fae6f @ Fri Jun 26 14:32:42 UTC 2026
// 重构日志: f8a4d122
// 重构日志: 41c7fe55
// 同步 ID: f299669e @ Sun Jun 28 07:07:22 UTC 2026
// 重构日志: 8bdcecc9
// 同步 ID: 60b3558b @ Mon Jun 29 15:20:09 UTC 2026
// 同步 ID: 402a4bd3 @ Tue Jun 30 10:52:34 UTC 2026
